1683033394003	geckodriver	INFO	Listening on 127.0.0.1:50233
1683033394033	mozrunner::runner	INFO	Running command: MOZ_CRASHREPORTER="1" MOZ_CRASHREPORTER_NO_REPORT="1" MOZ_CRASHREPORTER_SHUTDOWN="1" MOZ_NO_REMOTE="1" "/usr ... te" "--remote-debugging-port" "37343" "--remote-allow-hosts" "localhost" "-no-remote" "-profile" "/tmp/rust_mozprofileXTVhPf"
console.warn: services.settings: Ignoring preference override of remote settings server
console.warn: services.settings: Allow by setting MOZ_REMOTE_SETTINGS_DEVTOOLS=1 in the environment
1683033394640	Marionette	INFO	Marionette enabled
1683033394642	Marionette	INFO	Listening on port 35287
WebDriver BiDi listening on ws://127.0.0.1:37343
Read port: 35287
1683033394834	RemoteAgent	WARN	TLS certificate errors will be ignored for this session
console.error: ({})
console.warn: SearchSettings: "get: No settings file exists, new profile?" (new NotFoundError("Could not open the file at /tmp/rust_mozprofileXTVhPf/search.json.mozlz4", (void 0)))
[ERROR glean_core] Error setting metrics feature config: Json(Error("EOF while parsing a value", line: 1, column: 0))
DevTools listening on ws://127.0.0.1:37343/devtools/browser/5ed695f9-316a-4118-b7a3-f1a6a79ede4a
JavaScript error: , line 0: TypeError: error loading dynamically imported module
JavaScript error: , line 0: TypeError: error loading dynamically imported module
JavaScript error: , line 0: TypeError: error loading dynamically imported module
1683033453295	geckodriver	INFO	Listening on 127.0.0.1:37685
1683033453325	mozrunner::runner	INFO	Running command: MOZ_CRASHREPORTER="1" MOZ_CRASHREPORTER_NO_REPORT="1" MOZ_CRASHREPORTER_SHUTDOWN="1" MOZ_NO_REMOTE="1" "/usr ... te" "--remote-debugging-port" "58553" "--remote-allow-hosts" "localhost" "-no-remote" "-profile" "/tmp/rust_mozprofiletG9uaP"
console.warn: services.settings: Ignoring preference override of remote settings server
console.warn: services.settings: Allow by setting MOZ_REMOTE_SETTINGS_DEVTOOLS=1 in the environment
1683033453954	Marionette	INFO	Marionette enabled
1683033453957	Marionette	INFO	Listening on port 44067
WebDriver BiDi listening on ws://127.0.0.1:58553
Read port: 44067
1683033454168	RemoteAgent	WARN	TLS certificate errors will be ignored for this session
console.error: ({})
console.warn: SearchSettings: "get: No settings file exists, new profile?" (new NotFoundError("Could not open the file at /tmp/rust_mozprofiletG9uaP/search.json.mozlz4", (void 0)))
[ERROR glean_core] Error setting metrics feature config: Json(Error("EOF while parsing a value", line: 1, column: 0))
DevTools listening on ws://127.0.0.1:58553/devtools/browser/34894997-922b-46a3-b763-8aa38a5fa73f
JavaScript error: resource://gre/modules/AsyncShutdown.sys.mjs, line 576: NotFoundError: No such JSWindowActor 'DevToolsFrame'
1683033456331	Marionette	INFO	Stopped listening on port 35287
JavaScript error: , line 0: TypeError: error loading dynamically imported module
JavaScript error: , line 0: TypeError: error loading dynamically imported module
JavaScript error: , line 0: TypeError: error loading dynamically imported module
1683033477736	geckodriver	INFO	Listening on 127.0.0.1:59645
1683033477766	mozrunner::runner	INFO	Running command: MOZ_CRASHREPORTER="1" MOZ_CRASHREPORTER_NO_REPORT="1" MOZ_CRASHREPORTER_SHUTDOWN="1" MOZ_NO_REMOTE="1" "/usr ... te" "--remote-debugging-port" "34275" "--remote-allow-hosts" "localhost" "-no-remote" "-profile" "/tmp/rust_mozprofiledJfv9Q"
console.warn: services.settings: Ignoring preference override of remote settings server
console.warn: services.settings: Allow by setting MOZ_REMOTE_SETTINGS_DEVTOOLS=1 in the environment
1683033478368	Marionette	INFO	Marionette enabled
1683033478371	Marionette	INFO	Listening on port 41485
WebDriver BiDi listening on ws://127.0.0.1:34275
Read port: 41485
1683033478591	RemoteAgent	WARN	TLS certificate errors will be ignored for this session
console.error: ({})
console.warn: SearchSettings: "get: No settings file exists, new profile?" (new NotFoundError("Could not open the file at /tmp/rust_mozprofiledJfv9Q/search.json.mozlz4", (void 0)))
[ERROR glean_core] Error setting metrics feature config: Json(Error("EOF while parsing a value", line: 1, column: 0))
DevTools listening on ws://127.0.0.1:34275/devtools/browser/f14f7c6a-202b-4924-baa8-149bc786ce4c
JavaScript error: , line 0: TypeError: error loading dynamically imported module
JavaScript error: , line 0: TypeError: error loading dynamically imported module
JavaScript error: , line 0: TypeError: error loading dynamically imported module
1683033481376	Marionette	INFO	Stopped listening on port 44067
1683033483470	Marionette	INFO	Stopped listening on port 41485
JavaScript error: , line 0: TypeError: error loading dynamically imported module
JavaScript error: , line 0: TypeError: error loading dynamically imported module
1683033492660	geckodriver	INFO	Listening on 127.0.0.1:46239
1683033492690	mozrunner::runner	INFO	Running command: MOZ_CRASHREPORTER="1" MOZ_CRASHREPORTER_NO_REPORT="1" MOZ_CRASHREPORTER_SHUTDOWN="1" MOZ_NO_REMOTE="1" "/usr ... te" "--remote-debugging-port" "44035" "--remote-allow-hosts" "localhost" "-no-remote" "-profile" "/tmp/rust_mozprofilezu2cQ8"
console.warn: services.settings: Ignoring preference override of remote settings server
console.warn: services.settings: Allow by setting MOZ_REMOTE_SETTINGS_DEVTOOLS=1 in the environment
1683033493273	Marionette	INFO	Marionette enabled
1683033493276	Marionette	INFO	Listening on port 37045
Read port: 37045
WebDriver BiDi listening on ws://127.0.0.1:44035
1683033493358	RemoteAgent	WARN	TLS certificate errors will be ignored for this session
console.error: ({})
console.warn: SearchSettings: "get: No settings file exists, new profile?" (new NotFoundError("Could not open the file at /tmp/rust_mozprofilezu2cQ8/search.json.mozlz4", (void 0)))
[ERROR glean_core] Error setting metrics feature config: Json(Error("EOF while parsing a value", line: 1, column: 0))
DevTools listening on ws://127.0.0.1:44035/devtools/browser/b41d65ae-63ce-4894-bf2e-8ed2e44edca8
JavaScript error: , line 0: TypeError: error loading dynamically imported module
JavaScript error: , line 0: TypeError: error loading dynamically imported module
JavaScript error: , line 0: TypeError: error loading dynamically imported module
1683033498327	Marionette	INFO	Stopped listening on port 37045
JavaScript error: , line 0: TypeError: error loading dynamically imported module
JavaScript error: , line 0: TypeError: error loading dynamically imported module
1683033498792	geckodriver	INFO	Listening on 127.0.0.1:42289
1683033499322	mozrunner::runner	INFO	Running command: MOZ_CRASHREPORTER="1" MOZ_CRASHREPORTER_NO_REPORT="1" MOZ_CRASHREPORTER_SHUTDOWN="1" MOZ_NO_REMOTE="1" "/usr ... te" "--remote-debugging-port" "43581" "--remote-allow-hosts" "localhost" "-no-remote" "-profile" "/tmp/rust_mozprofile0TrvQE"
console.warn: services.settings: Ignoring preference override of remote settings server
console.warn: services.settings: Allow by setting MOZ_REMOTE_SETTINGS_DEVTOOLS=1 in the environment
1683033499957	Marionette	INFO	Marionette enabled
1683033499960	Marionette	INFO	Listening on port 40687
WebDriver BiDi listening on ws://127.0.0.1:43581
Read port: 40687
1683033500136	RemoteAgent	WARN	TLS certificate errors will be ignored for this session
console.error: ({})
console.warn: SearchSettings: "get: No settings file exists, new profile?" (new NotFoundError("Could not open the file at /tmp/rust_mozprofile0TrvQE/search.json.mozlz4", (void 0)))
[ERROR glean_core] Error setting metrics feature config: Json(Error("EOF while parsing a value", line: 1, column: 0))
DevTools listening on ws://127.0.0.1:43581/devtools/browser/49f6a3cb-ef19-489e-9280-3c0689471716
JavaScript error: , line 0: TypeError: error loading dynamically imported module
JavaScript error: , line 0: TypeError: error loading dynamically imported module
JavaScript error: , line 0: TypeError: error loading dynamically imported module
1683033504772	Marionette	INFO	Stopped listening on port 40687
JavaScript error: , line 0: TypeError: error loading dynamically imported module
JavaScript error: , line 0: TypeError: error loading dynamically imported module
1683033505229	geckodriver	INFO	Listening on 127.0.0.1:47579
1683033505760	mozrunner::runner	INFO	Running command: MOZ_CRASHREPORTER="1" MOZ_CRASHREPORTER_NO_REPORT="1" MOZ_CRASHREPORTER_SHUTDOWN="1" MOZ_NO_REMOTE="1" "/usr ... te" "--remote-debugging-port" "52099" "--remote-allow-hosts" "localhost" "-no-remote" "-profile" "/tmp/rust_mozprofileN73hIg"
console.warn: services.settings: Ignoring preference override of remote settings server
console.warn: services.settings: Allow by setting MOZ_REMOTE_SETTINGS_DEVTOOLS=1 in the environment
1683033506417	Marionette	INFO	Marionette enabled
1683033506420	Marionette	INFO	Listening on port 44003
Read port: 44003
WebDriver BiDi listening on ws://127.0.0.1:52099
1683033506499	RemoteAgent	WARN	TLS certificate errors will be ignored for this session
console.error: ({})
console.warn: SearchSettings: "get: No settings file exists, new profile?" (new NotFoundError("Could not open the file at /tmp/rust_mozprofileN73hIg/search.json.mozlz4", (void 0)))
[ERROR glean_core] Error setting metrics feature config: Json(Error("EOF while parsing a value", line: 1, column: 0))
DevTools listening on ws://127.0.0.1:52099/devtools/browser/c649d04a-a705-4ed1-8473-84887113214d
JavaScript error: , line 0: TypeError: error loading dynamically imported module
JavaScript error: , line 0: TypeError: error loading dynamically imported module
JavaScript error: , line 0: TypeError: error loading dynamically imported module
1683033511363	Marionette	INFO	Stopped listening on port 44003
JavaScript error: , line 0: TypeError: error loading dynamically imported module
JavaScript error: , line 0: TypeError: error loading dynamically imported module
1683033511801	geckodriver	INFO	Listening on 127.0.0.1:49065
1683033512341	mozrunner::runner	INFO	Running command: MOZ_CRASHREPORTER="1" MOZ_CRASHREPORTER_NO_REPORT="1" MOZ_CRASHREPORTER_SHUTDOWN="1" MOZ_NO_REMOTE="1" "/usr ... te" "--remote-debugging-port" "39077" "--remote-allow-hosts" "localhost" "-no-remote" "-profile" "/tmp/rust_mozprofilebA98NH"
console.warn: services.settings: Ignoring preference override of remote settings server
console.warn: services.settings: Allow by setting MOZ_REMOTE_SETTINGS_DEVTOOLS=1 in the environment
1683033512961	Marionette	INFO	Marionette enabled
1683033512964	Marionette	INFO	Listening on port 38895
WebDriver BiDi listening on ws://127.0.0.1:39077
Read port: 38895
1683033513164	RemoteAgent	WARN	TLS certificate errors will be ignored for this session
console.error: ({})
console.warn: SearchSettings: "get: No settings file exists, new profile?" (new NotFoundError("Could not open the file at /tmp/rust_mozprofilebA98NH/search.json.mozlz4", (void 0)))
[ERROR glean_core] Error setting metrics feature config: Json(Error("EOF while parsing a value", line: 1, column: 0))
DevTools listening on ws://127.0.0.1:39077/devtools/browser/88c56b5f-6b2a-41d8-ad5e-f6d0fbe3a656
JavaScript error: , line 0: TypeError: error loading dynamically imported module
JavaScript error: , line 0: TypeError: error loading dynamically imported module
JavaScript error: , line 0: TypeError: error loading dynamically imported module
Exiting due to channel error.
Exiting due to channel error.
Exiting due to channel error.
Exiting due to channel error.
Exiting due to channel error.
1683033547166	geckodriver	INFO	Listening on 127.0.0.1:40661
1683033547196	mozrunner::runner	INFO	Running command: MOZ_CRASHREPORTER="1" MOZ_CRASHREPORTER_NO_REPORT="1" MOZ_CRASHREPORTER_SHUTDOWN="1" MOZ_NO_REMOTE="1" "/usr ... te" "--remote-debugging-port" "59009" "--remote-allow-hosts" "localhost" "-no-remote" "-profile" "/tmp/rust_mozprofilevav6J5"
console.warn: services.settings: Ignoring preference override of remote settings server
console.warn: services.settings: Allow by setting MOZ_REMOTE_SETTINGS_DEVTOOLS=1 in the environment
1683033547775	Marionette	INFO	Marionette enabled
1683033547777	Marionette	INFO	Listening on port 42979
Read port: 42979
WebDriver BiDi listening on ws://127.0.0.1:59009
1683033547855	RemoteAgent	WARN	TLS certificate errors will be ignored for this session
console.error: ({})
console.warn: SearchSettings: "get: No settings file exists, new profile?" (new NotFoundError("Could not open the file at /tmp/rust_mozprofilevav6J5/search.json.mozlz4", (void 0)))
[ERROR glean_core] Error setting metrics feature config: Json(Error("EOF while parsing a value", line: 1, column: 0))
DevTools listening on ws://127.0.0.1:59009/devtools/browser/58c3c687-1e96-4db4-9229-0f3677da219c
JavaScript error: , line 0: TypeError: error loading dynamically imported module
JavaScript error: , line 0: TypeError: error loading dynamically imported module
JavaScript error: , line 0: TypeError: error loading dynamically imported module
1683033554828	Marionette	INFO	Stopped listening on port 42979
1683033560288	geckodriver	INFO	Listening on 127.0.0.1:56757
1683033560317	mozrunner::runner	INFO	Running command: MOZ_CRASHREPORTER="1" MOZ_CRASHREPORTER_NO_REPORT="1" MOZ_CRASHREPORTER_SHUTDOWN="1" MOZ_NO_REMOTE="1" "/usr ... te" "--remote-debugging-port" "60015" "--remote-allow-hosts" "localhost" "-no-remote" "-profile" "/tmp/rust_mozprofilenfRYFr"
console.warn: services.settings: Ignoring preference override of remote settings server
console.warn: services.settings: Allow by setting MOZ_REMOTE_SETTINGS_DEVTOOLS=1 in the environment
1683033560892	Marionette	INFO	Marionette enabled
1683033560895	Marionette	INFO	Listening on port 37393
Read port: 37393
WebDriver BiDi listening on ws://127.0.0.1:60015
1683033560984	RemoteAgent	WARN	TLS certificate errors will be ignored for this session
console.error: ({})
console.warn: SearchSettings: "get: No settings file exists, new profile?" (new NotFoundError("Could not open the file at /tmp/rust_mozprofilenfRYFr/search.json.mozlz4", (void 0)))
[ERROR glean_core] Error setting metrics feature config: Json(Error("EOF while parsing a value", line: 1, column: 0))
DevTools listening on ws://127.0.0.1:60015/devtools/browser/00668c6e-2beb-4637-97d8-fdbbcf7a3257
JavaScript error: , line 0: TypeError: error loading dynamically imported module
JavaScript error: , line 0: TypeError: error loading dynamically imported module
JavaScript error: , line 0: TypeError: error loading dynamically imported module
JavaScript error: resource://gre/modules/AsyncShutdown.sys.mjs, line 576: NotFoundError: No such JSWindowActor 'DevToolsFrame'
1683033578449	Marionette	INFO	Stopped listening on port 37393
1683033621652	geckodriver	INFO	Listening on 127.0.0.1:46551
1683033621680	mozrunner::runner	INFO	Running command: MOZ_CRASHREPORTER="1" MOZ_CRASHREPORTER_NO_REPORT="1" MOZ_CRASHREPORTER_SHUTDOWN="1" MOZ_NO_REMOTE="1" "/usr ... te" "--remote-debugging-port" "46921" "--remote-allow-hosts" "localhost" "-no-remote" "-profile" "/tmp/rust_mozprofilewQZeqC"
console.warn: services.settings: Ignoring preference override of remote settings server
console.warn: services.settings: Allow by setting MOZ_REMOTE_SETTINGS_DEVTOOLS=1 in the environment
1683033622257	Marionette	INFO	Marionette enabled
1683033622260	Marionette	INFO	Listening on port 38937
Read port: 38937
WebDriver BiDi listening on ws://127.0.0.1:46921
1683033622341	RemoteAgent	WARN	TLS certificate errors will be ignored for this session
console.error: ({})
console.warn: SearchSettings: "get: No settings file exists, new profile?" (new NotFoundError("Could not open the file at /tmp/rust_mozprofilewQZeqC/search.json.mozlz4", (void 0)))
[ERROR glean_core] Error setting metrics feature config: Json(Error("EOF while parsing a value", line: 1, column: 0))
DevTools listening on ws://127.0.0.1:46921/devtools/browser/6202e500-3449-453f-8c92-8a794b57deb5
1683033669167	geckodriver	INFO	Listening on 127.0.0.1:38823
1683033669198	mozrunner::runner	INFO	Running command: MOZ_CRASHREPORTER="1" MOZ_CRASHREPORTER_NO_REPORT="1" MOZ_CRASHREPORTER_SHUTDOWN="1" MOZ_NO_REMOTE="1" "/usr ... te" "--remote-debugging-port" "58825" "--remote-allow-hosts" "localhost" "-no-remote" "-profile" "/tmp/rust_mozprofile7Lqm6M"
console.warn: services.settings: Ignoring preference override of remote settings server
console.warn: services.settings: Allow by setting MOZ_REMOTE_SETTINGS_DEVTOOLS=1 in the environment
1683033669762	Marionette	INFO	Marionette enabled
1683033669764	Marionette	INFO	Listening on port 35089
Read port: 35089
WebDriver BiDi listening on ws://127.0.0.1:58825
1683033669842	RemoteAgent	WARN	TLS certificate errors will be ignored for this session
console.error: ({})
console.warn: SearchSettings: "get: No settings file exists, new profile?" (new NotFoundError("Could not open the file at /tmp/rust_mozprofile7Lqm6M/search.json.mozlz4", (void 0)))
[ERROR glean_core] Error setting metrics feature config: Json(Error("EOF while parsing a value", line: 1, column: 0))
DevTools listening on ws://127.0.0.1:58825/devtools/browser/132e6fb5-b00d-43c5-bcf1-9ccfd7d0bbe5
1683033688643	geckodriver	INFO	Listening on 127.0.0.1:43681
1683033688673	mozrunner::runner	INFO	Running command: MOZ_CRASHREPORTER="1" MOZ_CRASHREPORTER_NO_REPORT="1" MOZ_CRASHREPORTER_SHUTDOWN="1" MOZ_NO_REMOTE="1" "/usr ... te" "--remote-debugging-port" "49431" "--remote-allow-hosts" "localhost" "-no-remote" "-profile" "/tmp/rust_mozprofileoeKufj"
console.warn: services.settings: Ignoring preference override of remote settings server
console.warn: services.settings: Allow by setting MOZ_REMOTE_SETTINGS_DEVTOOLS=1 in the environment
1683033689246	Marionette	INFO	Marionette enabled
1683033689248	Marionette	INFO	Listening on port 43725
Read port: 43725
WebDriver BiDi listening on ws://127.0.0.1:49431
1683033689325	RemoteAgent	WARN	TLS certificate errors will be ignored for this session
console.error: ({})
console.warn: SearchSettings: "get: No settings file exists, new profile?" (new NotFoundError("Could not open the file at /tmp/rust_mozprofileoeKufj/search.json.mozlz4", (void 0)))
[ERROR glean_core] Error setting metrics feature config: Json(Error("EOF while parsing a value", line: 1, column: 0))
DevTools listening on ws://127.0.0.1:49431/devtools/browser/040a2e79-8af8-42b6-a17d-c194dcf875b2
JavaScript error: , line 0: TypeError: error loading dynamically imported module
JavaScript error: , line 0: TypeError: error loading dynamically imported module
JavaScript error: , line 0: TypeError: error loading dynamically imported module
JavaScript error: resource://gre/modules/AsyncShutdown.sys.mjs, line 576: NotFoundError: No such JSWindowActor 'DevToolsFrame'
1683033718392	Marionette	INFO	Stopped listening on port 43725
console.error: "Task cancelled"
console.warn: "source source-url-http://localhost:5173/node_modules/.vite/deps/axios.js?v=ebaec56e does not exist"
console.warn: "source source-url-http://localhost:5173/src/lib/api.js does not exist"
console.warn: "source source-url-http://localhost:5173/src/routes/readreport/+page.svelte?t=1683033443496 does not exist"
console.warn: "source source-url-http://localhost:5173/.svelte-kit/generated/client/nodes/5.js?t=1683033443496 does not exist"
console.warn: "source source-url-http://localhost:5173/node_modules/@skeletonlabs/skeleton/src/lib/themes/theme-skeleton.css does not exist"
console.warn: "source source-url-http://localhost:5173/node_modules/@skeletonlabs/skeleton/src/lib/styles/all.css?t=1683033525640 does not exist"
console.warn: "source source-url-http://localhost:5173/src/app.postcss?t=1683033525640 does not exist"
console.warn: "source source-url-http://localhost:5173/node_modules/@sveltejs/kit/src/runtime/app/navigation.js?v=ebaec56e does not exist"
console.warn: "source source-url-http://localhost:5173/node_modules/.vite/deps/chunk-EZREHZDJ.js?v=ebaec56e does not exist"
console.warn: "source source-url-http://localhost:5173/node_modules/.vite/deps/chunk-XCICNZZA.js?v=ebaec56e does not exist"
console.warn: "source source-url-http://localhost:5173/node_modules/.vite/deps/chunk-M6MB33T7.js?v=ebaec56e does not exist"
console.warn: "source source-url-http://localhost:5173/node_modules/.vite/deps/@skeletonlabs_skeleton.js?v=ebaec56e does not exist"
console.warn: "source source-url-http://localhost:5173/src/routes/+layout.svelte?t=1683033525640 does not exist"
console.warn: "source source-url-http://localhost:5173/.svelte-kit/generated/client/nodes/0.js?t=1683033525640 does not exist"
JavaScript error: resource://devtools/client/netmonitor/src/connector/firefox-data-provider.js, line 641: Error: Error while calling method getEventTimings: No such actor for ID: server0.conn0.netEvent1768
JavaScript error: resource://devtools/client/netmonitor/src/connector/firefox-data-provider.js, line 641: Error: Error while calling method getEventTimings: No such actor for ID: server0.conn0.netEvent1778
JavaScript error: resource://devtools/client/netmonitor/src/connector/firefox-data-provider.js, line 641: Error: Error while calling method getEventTimings: No such actor for ID: server0.conn0.netEvent1788
console.error: "Unable to find target with innerWindowId:6442450948"
console.error: "Unable to find target with innerWindowId:6442450948"
console.error: "Unable to find target with innerWindowId:6442450948"
console.error: "Unable to find target with innerWindowId:6442450948"
console.error: "Task cancelled"
console.warn: "source source-url-http://localhost:5173/node_modules/.vite/deps/axios.js?v=ebaec56e does not exist"
console.warn: "source source-url-http://localhost:5173/src/lib/api.js does not exist"
console.warn: "source source-url-http://localhost:5173/src/routes/readreport/+page.svelte?t=1683033443496 does not exist"
console.warn: "source source-url-http://localhost:5173/.svelte-kit/generated/client/nodes/5.js?t=1683033443496 does not exist"
console.warn: "source source-url-http://localhost:5173/node_modules/@skeletonlabs/skeleton/src/lib/themes/theme-skeleton.css does not exist"
console.warn: "source source-url-http://localhost:5173/node_modules/@skeletonlabs/skeleton/src/lib/styles/all.css?t=1683033525640 does not exist"
console.warn: "source source-url-http://localhost:5173/src/app.postcss?t=1683033525640 does not exist"
console.warn: "source source-url-http://localhost:5173/node_modules/@sveltejs/kit/src/runtime/app/navigation.js?v=ebaec56e does not exist"
console.warn: "source source-url-http://localhost:5173/node_modules/.vite/deps/chunk-EZREHZDJ.js?v=ebaec56e does not exist"
console.warn: "source source-url-http://localhost:5173/node_modules/.vite/deps/chunk-XCICNZZA.js?v=ebaec56e does not exist"
console.warn: "source source-url-http://localhost:5173/node_modules/.vite/deps/chunk-M6MB33T7.js?v=ebaec56e does not exist"
console.warn: "source source-url-http://localhost:5173/node_modules/.vite/deps/@skeletonlabs_skeleton.js?v=ebaec56e does not exist"
console.warn: "source source-url-http://localhost:5173/src/routes/+layout.svelte?t=1683033525640 does not exist"
console.warn: "source source-url-http://localhost:5173/.svelte-kit/generated/client/nodes/0.js?t=1683033525640 does not exist"
console.error: "Unable to find target with innerWindowId:6442450952"
console.error: "Unable to find target with innerWindowId:6442450952"
console.error: "Unable to find target with innerWindowId:6442450952"
console.error: "Unable to find target with innerWindowId:6442450952"
WARNING: content window passed to PrivateBrowsingUtils.isWindowPrivate. Use isContentWindowPrivate instead (but only for frame scripts).
pbu_isWindowPrivate@resource://gre/modules/PrivateBrowsingUtils.sys.mjs:23:11
isBrowserPrivate@resource://gre/modules/PrivateBrowsingUtils.sys.mjs:43:19
listener@chrome://extensions/content/parent/ext-webNavigation.js:122:32
fire@resource://gre/modules/WebNavigation.jsm:389:15
onDocumentChange@resource://gre/modules/WebNavigation.jsm:325:10
WARNING: content window passed to PrivateBrowsingUtils.isWindowPrivate. Use isContentWindowPrivate instead (but only for frame scripts).
pbu_isWindowPrivate@resource://gre/modules/PrivateBrowsingUtils.sys.mjs:23:11
isBrowserPrivate@resource://gre/modules/PrivateBrowsingUtils.sys.mjs:43:19
listener@chrome://extensions/content/parent/ext-webNavigation.js:122:32
fire@resource://gre/modules/WebNavigation.jsm:389:15
onDocumentChange@resource://gre/modules/WebNavigation.jsm:325:10
JavaScript error: resource://devtools/client/netmonitor/src/connector/firefox-data-provider.js, line 641: Error: Error while calling method getRequestHeaders: No such actor for ID: server0.conn0.netEvent3079
JavaScript error: resource://devtools/client/netmonitor/src/connector/firefox-data-provider.js, line 641: Error: Error while calling method getRequestCookies: No such actor for ID: server0.conn0.netEvent3079
JavaScript error: resource://devtools/client/netmonitor/src/connector/firefox-data-provider.js, line 641: Error: Error while calling method getRequestCookies: No such actor for ID: server0.conn0.netEvent3079
JavaScript error: resource://devtools/client/netmonitor/src/connector/firefox-data-provider.js, line 641: Error: Error while calling method getRequestHeaders: No such actor for ID: server0.conn0.netEvent3079
JavaScript error: resource://devtools/client/netmonitor/src/connector/firefox-data-provider.js, line 641: Error: Error while calling method getRequestHeaders: No such actor for ID: server0.conn0.netEvent3079
JavaScript error: resource://devtools/client/netmonitor/src/connector/firefox-data-provider.js, line 641: Error: Error while calling method getRequestHeaders: No such actor for ID: server0.conn0.netEvent3079
JavaScript error: , line 0: NotFoundError: No such JSWindowActor 'DevToolsFrame'
console.error: "update.locale" " file doesn't exist in either the application or GRE directories"
console.error: "update.locale" " file doesn't exist in either the application or GRE directories"
1683033976007	Marionette	INFO	Stopped listening on port 35089
1683033977665	geckodriver	INFO	Listening on 127.0.0.1:34097
1683033977695	mozrunner::runner	INFO	Running command: MOZ_CRASHREPORTER="1" MOZ_CRASHREPORTER_NO_REPORT="1" MOZ_CRASHREPORTER_SHUTDOWN="1" MOZ_NO_REMOTE="1" "/usr ... te" "--remote-debugging-port" "47897" "--remote-allow-hosts" "localhost" "-no-remote" "-profile" "/tmp/rust_mozprofilekBdpXa"
console.warn: services.settings: Ignoring preference override of remote settings server
console.warn: services.settings: Allow by setting MOZ_REMOTE_SETTINGS_DEVTOOLS=1 in the environment
1683033978302	Marionette	INFO	Marionette enabled
1683033978305	Marionette	INFO	Listening on port 45689
WebDriver BiDi listening on ws://127.0.0.1:47897
Read port: 45689
1683033978505	RemoteAgent	WARN	TLS certificate errors will be ignored for this session
console.error: ({})
console.warn: SearchSettings: "get: No settings file exists, new profile?" (new NotFoundError("Could not open the file at /tmp/rust_mozprofilekBdpXa/search.json.mozlz4", (void 0)))
[ERROR glean_core] Error setting metrics feature config: Json(Error("EOF while parsing a value", line: 1, column: 0))
DevTools listening on ws://127.0.0.1:47897/devtools/browser/17f727b7-e446-41ad-a36d-80fe8c3a8a59
console.error: "Unable to find target with innerWindowId:6442450947"
console.error: "Unable to find target with innerWindowId:6442450947"
JavaScript error: resource://gre/modules/AsyncShutdown.sys.mjs, line 576: NotFoundError: No such JSWindowActor 'DevToolsFrame'
1683034003647	Marionette	INFO	Stopped listening on port 45689
1683034027264	Marionette	INFO	Stopped listening on port 38937
1683034028799	geckodriver	INFO	Listening on 127.0.0.1:56999
1683034028828	mozrunner::runner	INFO	Running command: MOZ_CRASHREPORTER="1" MOZ_CRASHREPORTER_NO_REPORT="1" MOZ_CRASHREPORTER_SHUTDOWN="1" MOZ_NO_REMOTE="1" "/usr ... te" "--remote-debugging-port" "53349" "--remote-allow-hosts" "localhost" "-no-remote" "-profile" "/tmp/rust_mozprofile9WzSgl"
console.warn: services.settings: Ignoring preference override of remote settings server
console.warn: services.settings: Allow by setting MOZ_REMOTE_SETTINGS_DEVTOOLS=1 in the environment
1683034029400	Marionette	INFO	Marionette enabled
1683034029404	Marionette	INFO	Listening on port 43489
Read port: 43489
WebDriver BiDi listening on ws://127.0.0.1:53349
1683034029487	RemoteAgent	WARN	TLS certificate errors will be ignored for this session
console.error: ({})
console.warn: SearchSettings: "get: No settings file exists, new profile?" (new NotFoundError("Could not open the file at /tmp/rust_mozprofile9WzSgl/search.json.mozlz4", (void 0)))
[ERROR glean_core] Error setting metrics feature config: Json(Error("EOF while parsing a value", line: 1, column: 0))
DevTools listening on ws://127.0.0.1:53349/devtools/browser/d836e50b-876d-4e2d-9c00-52fbfb9d450d
Exiting due to channel error.
Exiting due to channel error.
Exiting due to channel error.
Exiting due to channel error.
Exiting due to channel error.
1683034100522	geckodriver	INFO	Listening on 127.0.0.1:35269
1683034100551	mozrunner::runner	INFO	Running command: MOZ_CRASHREPORTER="1" MOZ_CRASHREPORTER_NO_REPORT="1" MOZ_CRASHREPORTER_SHUTDOWN="1" MOZ_NO_REMOTE="1" "/usr ... te" "--remote-debugging-port" "42667" "--remote-allow-hosts" "localhost" "-no-remote" "-profile" "/tmp/rust_mozprofile5aP62d"
console.warn: services.settings: Ignoring preference override of remote settings server
console.warn: services.settings: Allow by setting MOZ_REMOTE_SETTINGS_DEVTOOLS=1 in the environment
1683034101119	Marionette	INFO	Marionette enabled
1683034101121	Marionette	INFO	Listening on port 38483
Read port: 38483
WebDriver BiDi listening on ws://127.0.0.1:42667
1683034101203	RemoteAgent	WARN	TLS certificate errors will be ignored for this session
console.error: ({})
console.warn: SearchSettings: "get: No settings file exists, new profile?" (new NotFoundError("Could not open the file at /tmp/rust_mozprofile5aP62d/search.json.mozlz4", (void 0)))
[ERROR glean_core] Error setting metrics feature config: Json(Error("EOF while parsing a value", line: 1, column: 0))
DevTools listening on ws://127.0.0.1:42667/devtools/browser/7f0dbf25-75ae-43b5-af63-c17f5ff23f81
Exiting due to channel error.
Exiting due to channel error.
Exiting due to channel error.
Exiting due to channel error.
Exiting due to channel error.
1683034124748	geckodriver	INFO	Listening on 127.0.0.1:59261
1683034124777	mozrunner::runner	INFO	Running command: MOZ_CRASHREPORTER="1" MOZ_CRASHREPORTER_NO_REPORT="1" MOZ_CRASHREPORTER_SHUTDOWN="1" MOZ_NO_REMOTE="1" "/usr ... te" "--remote-debugging-port" "42809" "--remote-allow-hosts" "localhost" "-no-remote" "-profile" "/tmp/rust_mozprofilet7KtOE"
console.warn: services.settings: Ignoring preference override of remote settings server
console.warn: services.settings: Allow by setting MOZ_REMOTE_SETTINGS_DEVTOOLS=1 in the environment
1683034125359	Marionette	INFO	Marionette enabled
1683034125362	Marionette	INFO	Listening on port 42111
Read port: 42111
WebDriver BiDi listening on ws://127.0.0.1:42809
1683034125455	RemoteAgent	WARN	TLS certificate errors will be ignored for this session
console.error: ({})
console.warn: SearchSettings: "get: No settings file exists, new profile?" (new NotFoundError("Could not open the file at /tmp/rust_mozprofilet7KtOE/search.json.mozlz4", (void 0)))
[ERROR glean_core] Error setting metrics feature config: Json(Error("EOF while parsing a value", line: 1, column: 0))
DevTools listening on ws://127.0.0.1:42809/devtools/browser/2e3e2e2d-8c3a-47b8-8c3c-9dcb385d0b50
console.error: "Unable to find target with innerWindowId:6442450948"
console.error: "Task cancelled"
JavaScript error: resource://devtools/client/netmonitor/src/connector/firefox-data-provider.js, line 641: Error: Error while calling method getEventTimings: No such actor for ID: server0.conn0.netEvent1173
JavaScript error: resource://devtools/client/netmonitor/src/connector/firefox-data-provider.js, line 641: Error: Error while calling method getEventTimings: No such actor for ID: server0.conn0.netEvent1183
JavaScript error: resource://devtools/client/netmonitor/src/connector/firefox-data-provider.js, line 641: Error: Error while calling method getEventTimings: No such actor for ID: server0.conn0.netEvent1193
JavaScript error: resource://devtools/client/netmonitor/src/connector/firefox-data-provider.js, line 641: Error: Error while calling method getRequestHeaders: No such actor for ID: server0.conn0.netEvent1206
JavaScript error: resource://devtools/client/netmonitor/src/connector/firefox-data-provider.js, line 641: Error: Error while calling method getRequestHeaders: No such actor for ID: server0.conn0.netEvent1206
console.error: "Task cancelled"
JavaScript error: resource://devtools/client/netmonitor/src/connector/firefox-data-provider.js, line 641: Error: Error while calling method getEventTimings: No such actor for ID: server0.conn0.netEvent3564
JavaScript error: resource://devtools/client/netmonitor/src/connector/firefox-data-provider.js, line 641: Error: Error while calling method getEventTimings: No such actor for ID: server0.conn0.netEvent3565
JavaScript error: resource://devtools/client/netmonitor/src/connector/firefox-data-provider.js, line 641: Error: Error while calling method getEventTimings: No such actor for ID: server0.conn0.netEvent3565
JavaScript error: resource://devtools/client/netmonitor/src/connector/firefox-data-provider.js, line 641: Error: Error while calling method getEventTimings: No such actor for ID: server0.conn0.netEvent3566
JavaScript error: resource://devtools/client/netmonitor/src/connector/firefox-data-provider.js, line 641: Error: Error while calling method getEventTimings: No such actor for ID: server0.conn0.netEvent3566
JavaScript error: resource://devtools/client/netmonitor/src/connector/firefox-data-provider.js, line 641: Error: Error while calling method getEventTimings: No such actor for ID: server0.conn0.netEvent3567
JavaScript error: resource://devtools/client/netmonitor/src/connector/firefox-data-provider.js, line 641: Error: Error while calling method getEventTimings: No such actor for ID: server0.conn0.netEvent3606
JavaScript error: resource://devtools/client/netmonitor/src/connector/firefox-data-provider.js, line 641: Error: Error while calling method getEventTimings: No such actor for ID: server0.conn0.netEvent3623
JavaScript error: resource://devtools/client/netmonitor/src/connector/firefox-data-provider.js, line 641: Error: Error while calling method getEventTimings: No such actor for ID: server0.conn0.netEvent3633
JavaScript error: resource://devtools/client/netmonitor/src/connector/firefox-data-provider.js, line 641: Error: Error while calling method getEventTimings: No such actor for ID: server0.conn0.netEvent3643
JavaScript error: resource://devtools/client/netmonitor/src/connector/firefox-data-provider.js, line 641: Error: Error while calling method getEventTimings: No such actor for ID: server0.conn0.netEvent3653
JavaScript error: resource://devtools/client/netmonitor/src/connector/firefox-data-provider.js, line 641: Error: Error while calling method getEventTimings: No such actor for ID: server0.conn0.netEvent3565
JavaScript error: resource://devtools/client/netmonitor/src/connector/firefox-data-provider.js, line 641: Error: Error while calling method getEventTimings: No such actor for ID: server0.conn0.netEvent3566
console.error: "Task cancelled"
JavaScript error: resource://devtools/client/netmonitor/src/connector/firefox-data-provider.js, line 641: Error: Error while calling method getEventTimings: No such actor for ID: server0.conn0.netEvent5466
JavaScript error: resource://devtools/client/netmonitor/src/connector/firefox-data-provider.js, line 641: Error: Error while calling method getEventTimings: No such actor for ID: server0.conn0.netEvent5476
JavaScript error: resource://devtools/client/netmonitor/src/connector/firefox-data-provider.js, line 641: Error: Error while calling method getEventTimings: No such actor for ID: server0.conn0.netEvent5486
JavaScript error: resource://devtools/client/netmonitor/src/connector/firefox-data-provider.js, line 641: Error: Error while calling method getEventTimings: No such actor for ID: server0.conn0.netEvent5496
JavaScript error: resource://devtools/client/netmonitor/src/connector/firefox-data-provider.js, line 641: Error: Error while calling method getEventTimings: No such actor for ID: server0.conn0.netEvent5510
JavaScript error: resource://devtools/client/netmonitor/src/connector/firefox-data-provider.js, line 641: Error: Error while calling method getEventTimings: No such actor for ID: server0.conn0.netEvent5520
JavaScript error: resource://gre/modules/AsyncShutdown.sys.mjs, line 576: NotFoundError: No such JSWindowActor 'DevToolsFrame'
1683034263875	Marionette	INFO	Stopped listening on port 42111
1683034266409	geckodriver	INFO	Listening on 127.0.0.1:57979
1683034266440	mozrunner::runner	INFO	Running command: MOZ_CRASHREPORTER="1" MOZ_CRASHREPORTER_NO_REPORT="1" MOZ_CRASHREPORTER_SHUTDOWN="1" MOZ_NO_REMOTE="1" "/usr ... te" "--remote-debugging-port" "57989" "--remote-allow-hosts" "localhost" "-no-remote" "-profile" "/tmp/rust_mozprofileD7JEb0"
console.warn: services.settings: Ignoring preference override of remote settings server
console.warn: services.settings: Allow by setting MOZ_REMOTE_SETTINGS_DEVTOOLS=1 in the environment
1683034267011	Marionette	INFO	Marionette enabled
1683034267014	Marionette	INFO	Listening on port 37583
Read port: 37583
WebDriver BiDi listening on ws://127.0.0.1:57989
1683034267097	RemoteAgent	WARN	TLS certificate errors will be ignored for this session
console.error: ({})
console.warn: SearchSettings: "get: No settings file exists, new profile?" (new NotFoundError("Could not open the file at /tmp/rust_mozprofileD7JEb0/search.json.mozlz4", (void 0)))
[ERROR glean_core] Error setting metrics feature config: Json(Error("EOF while parsing a value", line: 1, column: 0))
DevTools listening on ws://127.0.0.1:57989/devtools/browser/f85bc2b3-be0a-4be0-ae15-59c309c91c3e
Port.onMessage event fired while context is inactive.
console.error: "Task cancelled"
console.error: "Unable to find target with innerWindowId:6442450958"
console.error: "Unable to find target with innerWindowId:6442450958"
console.error: "Unable to find target with innerWindowId:6442450958"
console.error: "Unable to find target with innerWindowId:6442450958"
console.error: "Unable to find target with innerWindowId:6442450958"
console.error: "Unable to find target with innerWindowId:6442450958"
console.error: "Unable to find target with innerWindowId:6442450958"
console.error: "Unable to find target with innerWindowId:6442450959"
console.error: "Unable to find target with innerWindowId:6442450959"
console.error: "Unable to find target with innerWindowId:6442450959"
console.error: "Unable to find target with innerWindowId:6442450959"
console.error: "Unable to find target with innerWindowId:6442450959"
console.error: "Unable to find target with innerWindowId:6442450959"
console.error: "Unable to find target with innerWindowId:6442450959"
console.error: "Unable to find target with innerWindowId:6442450959"
Port.onMessage event fired while context is inactive.
Port.onMessage event fired while context is inactive.
console.error: "Unable to find target with innerWindowId:6442450960"
console.error: "Unable to find target with innerWindowId:6442450960"
console.error: "Unable to find target with innerWindowId:6442450960"
console.error: "Unable to find target with innerWindowId:6442450960"
console.error: "Unable to find target with innerWindowId:6442450960"
console.error: "Unable to find target with innerWindowId:6442450960"
console.error: "Unable to find target with innerWindowId:6442450960"
console.error: "Unable to find target with innerWindowId:6442450960"
console.error: "Unable to find target with innerWindowId:6442450961"
console.error: "Unable to find target with innerWindowId:6442450961"
console.error: "Unable to find target with innerWindowId:6442450962"
console.error: "Unable to find target with innerWindowId:6442450962"
console.error: "Unable to find target with innerWindowId:6442450961"
console.error: "Unable to find target with innerWindowId:6442450961"
console.error: "Unable to find target with innerWindowId:6442450961"
console.error: "Unable to find target with innerWindowId:6442450961"
console.error: "Unable to find target with innerWindowId:6442450961"
console.error: "Unable to find target with innerWindowId:6442450961"
console.error: "Unable to find target with innerWindowId:6442450961"
console.error: "Unable to find target with innerWindowId:6442450961"
console.error: "Unable to find target with innerWindowId:6442450961"
console.error: "Task cancelled"
JavaScript error: , line 0: NotFoundError: No such JSWindowActor 'DevToolsFrame'
Port.onMessage event fired while context is inactive.
console.error: "Unable to find target with innerWindowId:6442450975"
console.error: "Unable to find target with innerWindowId:6442450977"
console.error: "Unable to find target with innerWindowId:6442450978"
console.error: "Unable to find target with innerWindowId:6442450978"
console.error: "Unable to find target with innerWindowId:6442450978"
console.error: "Unable to find target with innerWindowId:6442450978"
console.error: "Unable to find target with innerWindowId:6442450978"
console.error: "Unable to find target with innerWindowId:6442450978"
console.error: "Unable to find target with innerWindowId:6442450978"
console.error: "Unable to find target with innerWindowId:6442450978"
console.error: "Unable to find target with innerWindowId:6442450978"
console.error: "Unable to find target with innerWindowId:6442450978"
console.error: "Unable to find target with innerWindowId:6442450979"
console.error: "Unable to find target with innerWindowId:6442450979"
console.error: "Unable to find target with innerWindowId:6442450979"
console.error: "Unable to find target with innerWindowId:6442450979"
console.error: "Unable to find target with innerWindowId:6442450979"
console.error: "Unable to find target with innerWindowId:6442450979"
console.error: "Unable to find target with innerWindowId:6442450979"
console.error: "Unable to find target with innerWindowId:6442450979"
console.error: "Unable to find target with innerWindowId:6442450978"
console.error: "Unable to find target with innerWindowId:6442450980"
console.error: "Unable to find target with innerWindowId:6442450980"
console.error: "Unable to find target with innerWindowId:6442450979"
console.error: "Unable to find target with innerWindowId:6442450980"
console.error: "Unable to find target with innerWindowId:6442450980"
console.error: "Unable to find target with innerWindowId:6442450980"
console.error: "Unable to find target with innerWindowId:6442450980"
console.error: "Unable to find target with innerWindowId:6442450980"
console.error: "Unable to find target with innerWindowId:6442450980"
console.error: "Unable to find target with innerWindowId:6442450980"
console.error: "Unable to find target with innerWindowId:6442450980"
console.error: "Unable to find target with innerWindowId:6442450979"
console.error: "Unable to find target with innerWindowId:6442450981"
console.error: "Unable to find target with innerWindowId:6442450981"
console.error: "Unable to find target with innerWindowId:6442450981"
console.error: "Unable to find target with innerWindowId:6442450981"
console.error: "Unable to find target with innerWindowId:6442450981"
console.error: "Unable to find target with innerWindowId:6442450981"
console.error: "Unable to find target with innerWindowId:6442450981"
console.error: "Unable to find target with innerWindowId:6442450981"
console.error: "Unable to find target with innerWindowId:6442450980"
console.error: "Unable to find target with innerWindowId:6442450981"
console.warn: "source source-url-http://localhost:5173/node_modules/@skeletonlabs/skeleton/src/lib/themes/theme-skeleton.css does not exist"
console.warn: "source source-url-http://localhost:5173/node_modules/@skeletonlabs/skeleton/src/lib/styles/all.css?t=1683034312426 does not exist"
console.warn: "source source-url-http://localhost:5173/src/app.postcss?t=1683034312426 does not exist"
console.warn: "source source-url-http://localhost:5173/node_modules/.vite/deps/axios.js?v=ebaec56e does not exist"
console.warn: "source source-url-http://localhost:5173/src/lib/api.js?t=1683034312426 does not exist"
console.warn: "source source-url-http://localhost:5173/node_modules/@sveltejs/kit/src/runtime/app/navigation.js?v=ebaec56e does not exist"
console.warn: "source source-url-http://localhost:5173/node_modules/.vite/deps/chunk-EZREHZDJ.js?v=ebaec56e does not exist"
console.warn: "source source-url-http://localhost:5173/node_modules/.vite/deps/chunk-XCICNZZA.js?v=ebaec56e does not exist"
console.warn: "source source-url-http://localhost:5173/node_modules/.vite/deps/chunk-M6MB33T7.js?v=ebaec56e does not exist"
console.warn: "source source-url-http://localhost:5173/node_modules/.vite/deps/@skeletonlabs_skeleton.js?v=ebaec56e does not exist"
console.warn: "source source-url-http://localhost:5173/src/routes/+layout.svelte?t=1683034312426 does not exist"
console.warn: "source source-url-http://localhost:5173/.svelte-kit/generated/client/nodes/0.js?t=1683034312426 does not exist"
console.warn: "source source-url-http://localhost:5173/src/routes/readreport/+page.svelte?t=1683034312426 does not exist"
console.warn: "source source-url-http://localhost:5173/.svelte-kit/generated/client/nodes/5.js?t=1683034312426 does not exist"
console.error: "Unable to find target with innerWindowId:6442450982"
console.error: "Unable to find target with innerWindowId:6442450981"
console.error: "Unable to find target with innerWindowId:6442450982"
console.error: "Unable to find target with innerWindowId:6442450982"
console.error: "Unable to find target with innerWindowId:6442450982"
console.error: "Unable to find target with innerWindowId:6442450982"
console.error: "Unable to find target with innerWindowId:6442450982"
console.error: "Unable to find target with innerWindowId:6442450982"
console.error: "Unable to find target with innerWindowId:6442450982"
console.error: "Unable to find target with innerWindowId:6442450982"
console.error: "Unable to find target with innerWindowId:6442450980"
console.error: "Unable to find target with innerWindowId:6442450981"
console.error: "Unable to find target with innerWindowId:6442450983"
console.error: "Unable to find target with innerWindowId:6442450983"
console.error: "Unable to find target with innerWindowId:6442450983"
console.error: "Unable to find target with innerWindowId:6442450983"
console.error: "Unable to find target with innerWindowId:6442450983"
console.error: "Unable to find target with innerWindowId:6442450983"
console.error: "Unable to find target with innerWindowId:6442450983"
console.error: "Unable to find target with innerWindowId:6442450983"
console.error: "Unable to find target with innerWindowId:6442450982"
console.error: "Unable to find target with innerWindowId:6442450983"
console.error: "update.locale" " file doesn't exist in either the application or GRE directories"
console.error: "Unable to find target with innerWindowId:6442450983"
console.error: "Unable to find target with innerWindowId:6442450984"
console.error: "Unable to find target with innerWindowId:6442450984"
console.error: "Unable to find target with innerWindowId:6442450984"
console.error: "Unable to find target with innerWindowId:6442450984"
console.error: "Unable to find target with innerWindowId:6442450984"
console.error: "Unable to find target with innerWindowId:6442450984"
console.error: "Unable to find target with innerWindowId:6442450982"
console.error: "Unable to find target with innerWindowId:6442450984"
console.error: "Unable to find target with innerWindowId:6442450984"
console.error: "Unable to find target with innerWindowId:6442450984"
console.error: "Unable to find target with innerWindowId:6442450983"
JavaScript error: , line 0: TypeError: error loading dynamically imported module
JavaScript error: , line 0: TypeError: error loading dynamically imported module
JavaScript error: , line 0: TypeError: error loading dynamically imported module
console.error: "Unable to find target with innerWindowId:6442450985"
console.error: "Unable to find target with innerWindowId:6442450986"
console.error: "Unable to find target with innerWindowId:6442450986"
console.error: "Unable to find target with innerWindowId:6442450986"
console.error: "Unable to find target with innerWindowId:6442450986"
console.error: "Unable to find target with innerWindowId:6442450986"
JavaScript error: , line 0: TypeError: error loading dynamically imported module
console.warn: "source source-url-http://localhost:5173/node_modules/.vite/deps/esm-env.js?v=ebaec56e does not exist"
console.warn: "source source-url-http://localhost:5173/node_modules/vite/dist/client/env.mjs does not exist"
console.warn: "source source-url-http://localhost:5173/@vite/client does not exist"
console.warn: "source source-url-http://localhost:5173/node_modules/.vite/deps/chunk-6A2TAOKG.js?v=ebaec56e does not exist"
console.warn: "source source-url-http://localhost:5173/node_modules/.vite/deps/chunk-UJLIVLOQ.js?v=ebaec56e does not exist"
console.warn: "source source-url-http://localhost:5173/node_modules/.vite/deps/svelte.js?v=ebaec56e does not exist"
console.warn: "source source-url-http://localhost:5173/node_modules/@sveltejs/kit/src/utils/url.js?v=ebaec56e does not exist"
console.warn: "source source-url-http://localhost:5173/@id/__x00____sveltekit/environment does not exist"
console.warn: "source source-url-http://localhost:5173/node_modules/@sveltejs/kit/src/runtime/client/utils.js?v=ebaec56e does not exist"
console.warn: "source source-url-http://localhost:5173/node_modules/@sveltejs/kit/src/runtime/client/session-storage.js?v=ebaec56e does not exist"
console.warn: "source source-url-http://localhost:5173/node_modules/@sveltejs/kit/src/runtime/hash.js?v=ebaec56e does not exist"
console.warn: "source source-url-http://localhost:5173/node_modules/@sveltejs/kit/src/runtime/client/fetcher.js?v=ebaec56e does not exist"
console.warn: "source source-url-http://localhost:5173/node_modules/@sveltejs/kit/src/utils/routing.js?v=ebaec56e does not exist"
console.warn: "source source-url-http://localhost:5173/node_modules/@sveltejs/kit/src/runtime/client/parse.js?v=ebaec56e does not exist"
console.warn: "source source-url-http://localhost:5173/@id/__x00____sveltekit/paths does not exist"
console.warn: "source source-url-http://localhost:5173/node_modules/@sveltejs/kit/src/runtime/control.js?v=ebaec56e does not exist"
console.warn: "source source-url-http://localhost:5173/node_modules/@sveltejs/kit/src/utils/promises.js?v=ebaec56e does not exist"
console.warn: "source source-url-http://localhost:5173/node_modules/.vite/deps/devalue.js?v=ebaec56e does not exist"
console.warn: "source source-url-http://localhost:5173/node_modules/@sveltejs/kit/src/runtime/client/constants.js?v=ebaec56e does not exist"
console.warn: "source source-url-http://localhost:5173/node_modules/@sveltejs/kit/src/utils/exports.js?v=ebaec56e does not exist"
console.warn: "source source-url-http://localhost:5173/node_modules/@sveltejs/kit/src/utils/array.js?v=ebaec56e does not exist"
console.warn: "source source-url-http://localhost:5173/node_modules/@sveltejs/kit/src/runtime/shared.js?v=ebaec56e does not exist"
console.warn: "source source-url-http://localhost:5173/node_modules/@sveltejs/kit/src/runtime/client/client.js?v=ebaec56e does not exist"
console.warn: "source source-url-http://localhost:5173/node_modules/.vite/deps/chunk-PIFSV4DX.js?v=ebaec56e does not exist"
console.warn: "source source-url-http://localhost:5173/node_modules/.vite/deps/svelte_store.js?v=ebaec56e does not exist"
console.warn: "source source-url-http://localhost:5173/node_modules/@sveltejs/kit/src/runtime/client/singletons.js?v=ebaec56e does not exist"
console.warn: "source source-url-http://localhost:5173/node_modules/@sveltejs/kit/src/runtime/client/start.js does not exist"
console.warn: "source source-url-http://localhost:5173/.svelte-kit/generated/client/matchers.js does not exist"
console.warn: "source source-url-http://localhost:5173/node_modules/.vite/deps/svelte_internal.js?v=ebaec56e does not exist"
console.warn: "source source-url-http://localhost:5173/node_modules/@sveltejs/kit/src/runtime/app/environment.js?v=ebaec56e does not exist"
console.warn: "source source-url-http://localhost:5173/node_modules/svelte-hmr/runtime/svelte-hooks.js?v=ebaec56e does not exist"
console.warn: "source source-url-http://localhost:5173/node_modules/svelte-hmr/runtime/proxy.js?v=ebaec56e does not exist"
console.warn: "source source-url-http://localhost:5173/node_modules/svelte-hmr/runtime/hot-api.js?v=ebaec56e does not exist"
console.warn: "source source-url-http://localhost:5173/node_modules/svelte-hmr/runtime/index.js?v=ebaec56e does not exist"
console.warn: "source source-url-http://localhost:5173/node_modules/svelte-hmr/runtime/hot-api-esm.js?v=ebaec56e does not exist"
console.warn: "source source-url-http://localhost:5173/node_modules/svelte-hmr/runtime/overlay.js?v=ebaec56e does not exist"
console.warn: "source source-url-http://localhost:5173/node_modules/svelte-hmr/runtime/proxy-adapter-dom.js?v=ebaec56e does not exist"
console.warn: "source source-url-http://localhost:5173/.svelte-kit/generated/root.svelte does not exist"
console.warn: "source source-url-http://localhost:5173/home/yewolf/Workspace/hackintn/xss-cooking/frontend/.svelte-kit/generated/client/app.js does not exist"
console.error: "Failed to update expression on navigation" (new Error("Page has navigated", "resource://devtools/client/debugger/src/utils/context.js", 36))
JavaScript error: , line 0: TypeError: error loading dynamically imported module
JavaScript error: , line 0: TypeError: error loading dynamically imported module
console.error: "Unable to find target with innerWindowId:6442450988"
console.error: "Unable to find target with innerWindowId:6442450987"
console.error: "Unable to find target with innerWindowId:6442450987"
console.error: "Unable to find target with innerWindowId:6442450987"
console.error: "Unable to find target with innerWindowId:6442450987"
console.error: "Unable to find target with innerWindowId:6442450987"
console.error: "Unable to find target with innerWindowId:6442450987"
console.error: "Unable to find target with innerWindowId:6442450986"
console.error: "Unable to find target with innerWindowId:6442450986"
console.error: "Unable to find target with innerWindowId:6442450984"
console.error: "Unable to find target with innerWindowId:6442450986"
console.warn: "source source-url-http://localhost:5173/.svelte-kit/generated/client/matchers.js does not exist"
console.warn: "source source-url-http://localhost:5173/node_modules/.vite/deps/svelte_internal.js?v=ebaec56e does not exist"
console.warn: "source source-url-http://localhost:5173/node_modules/@sveltejs/kit/src/runtime/app/environment.js?v=ebaec56e does not exist"
console.warn: "source source-url-http://localhost:5173/node_modules/svelte-hmr/runtime/svelte-hooks.js?v=ebaec56e does not exist"
console.warn: "source source-url-http://localhost:5173/node_modules/svelte-hmr/runtime/proxy.js?v=ebaec56e does not exist"
console.warn: "source source-url-http://localhost:5173/node_modules/svelte-hmr/runtime/hot-api.js?v=ebaec56e does not exist"
console.warn: "source source-url-http://localhost:5173/node_modules/svelte-hmr/runtime/index.js?v=ebaec56e does not exist"
console.warn: "source source-url-http://localhost:5173/node_modules/svelte-hmr/runtime/hot-api-esm.js?v=ebaec56e does not exist"
console.warn: "source source-url-http://localhost:5173/node_modules/svelte-hmr/runtime/overlay.js?v=ebaec56e does not exist"
console.warn: "source source-url-http://localhost:5173/node_modules/svelte-hmr/runtime/proxy-adapter-dom.js?v=ebaec56e does not exist"
console.warn: "source source-url-http://localhost:5173/.svelte-kit/generated/root.svelte does not exist"
console.warn: "source source-url-http://localhost:5173/home/yewolf/Workspace/hackintn/xss-cooking/frontend/.svelte-kit/generated/client/app.js does not exist"
console.error: "Failed to update expression on navigation" (new Error("Page has navigated", "resource://devtools/client/debugger/src/utils/context.js", 36))
JavaScript error: , line 0: TypeError: error loading dynamically imported module
JavaScript error: , line 0: TypeError: error loading dynamically imported module
JavaScript error: , line 0: TypeError: error loading dynamically imported module
console.error: "Unable to find target with innerWindowId:6442450987"
console.error: "Unable to find target with innerWindowId:6442450985"
console.error: "Unable to find target with innerWindowId:6442450987"
console.error: "Unable to find target with innerWindowId:6442450987"
console.error: "Unable to find target with innerWindowId:6442450988"
console.error: "Unable to find target with innerWindowId:6442450988"
console.error: "Unable to find target with innerWindowId:6442450988"
console.error: "Unable to find target with innerWindowId:6442450988"
console.error: "Unable to find target with innerWindowId:6442450988"
console.error: "Unable to find target with innerWindowId:6442450989"
console.error: "Unable to find target with innerWindowId:6442450990"
console.error: "Unable to find target with innerWindowId:6442450991"
console.error: "Unable to find target with innerWindowId:6442450989"
console.error: "Unable to find target with innerWindowId:6442450989"
console.error: "Unable to find target with innerWindowId:6442450989"
console.error: "Unable to find target with innerWindowId:6442450988"
console.error: "Unable to find target with innerWindowId:6442450986"
console.error: "Unable to find target with innerWindowId:6442450988"
console.error: "Unable to find target with innerWindowId:6442450988"
console.error: "Unable to find target with innerWindowId:6442450989"
console.error: "Unable to find target with innerWindowId:6442450989"
console.error: "Unable to find target with innerWindowId:6442450990"
console.error: "Unable to find target with innerWindowId:6442450990"
console.error: "Unable to find target with innerWindowId:6442450989"
console.error: "Unable to find target with innerWindowId:6442450990"
console.error: "Unable to find target with innerWindowId:6442450988"
console.error: "Unable to find target with innerWindowId:6442450990"
console.error: "Unable to find target with innerWindowId:6442450990"
console.error: "Unable to find target with innerWindowId:6442450990"
console.error: "Unable to find target with innerWindowId:6442450990"
console.error: "Unable to find target with innerWindowId:6442450991"
console.error: "Unable to find target with innerWindowId:6442450991"
console.error: "Unable to find target with innerWindowId:6442450990"
console.error: "Unable to find target with innerWindowId:6442450991"
console.error: "Unable to find target with innerWindowId:6442450990"
console.error: "Unable to find target with innerWindowId:6442450991"
console.error: "Unable to find target with innerWindowId:6442450991"
console.error: "Unable to find target with innerWindowId:6442450991"
console.error: "Unable to find target with innerWindowId:6442450991"
console.error: "Unable to find target with innerWindowId:6442450991"
JavaScript error: resource://gre/modules/AsyncShutdown.sys.mjs, line 576: NotFoundError: No such JSWindowActor 'DevToolsFrame'
1683034578048	Marionette	INFO	Stopped listening on port 37583
